0 info it worked if it ends with ok
1 verbose cli [ 'D:\\INSTALL_PROGRAM\\Nodejs\\node.exe',
1 verbose cli   'D:\\INSTALL_PROGRAM\\Nodejs\\node_modules\\npm\\bin\\npm-cli.js',
1 verbose cli   'run',
1 verbose cli   'start_v1',
1 verbose cli   '--scripts-prepend-node-path' ]
2 info using npm@3.10.3
3 info using node@v6.4.0
4 verbose run-script [ 'prestart_v1', 'start_v1', 'poststart_v1' ]
5 info lifecycle api.global@0.0.1~prestart_v1: api.global@0.0.1
6 silly lifecycle api.global@0.0.1~prestart_v1: no script for prestart_v1, continuing
7 info lifecycle api.global@0.0.1~start_v1: api.global@0.0.1
8 verbose lifecycle api.global@0.0.1~start_v1: unsafe-perm in lifecycle true
9 verbose lifecycle api.global@0.0.1~start_v1: PATH: D:\INSTALL_PROGRAM\Nodejs\node_modules\npm\bin\node-gyp-bin;D:\INSTALL_PROGRAM\wamp64\www\FTP\PP\graph.addgold.net\node_modules\.bin;D:\INSTALL_PROGRAM\Nodejs;D:\INSTALL_PROGRAM\Sencha\Cmd\5.1.3.61;C:\ProgramData\Oracle\Java\javapath;C:\Windows\system32;C:\Windows;C:\Windows\System32\Wbem;C:\Windows\System32\WindowsPowerShell\v1.0\;C:\Program Files (x86)\Skype\Phone\;D:\INSTALL_PROGRAM\Nodejs\;D:\INSTALL_PROGRAM\TortoiseSVN\bin;D:\INSTALL_PROGRAM\TortoiseGit\bin;D:\INSTALL_PROGRAM\Git\cmd;D:\INSTALL_PROGRAM\wamp64\bin\php\php5.6.25;C:\ProgramData\ComposerSetup\bin;D:\INSTALL_PROGRAM\MongoDB\bin;C:\Users\hiennv\AppData\Roaming\npm;C:\Users\hiennv\AppData\Roaming\Composer\vendor\bin
10 verbose lifecycle api.global@0.0.1~start_v1: CWD: D:\INSTALL_PROGRAM\wamp64\www\FTP\PP\graph.addgold.net
11 silly lifecycle api.global@0.0.1~start_v1: Args: [ '/d /s /c', 'nodemon app.js --port 1337' ]
12 silly lifecycle api.global@0.0.1~start_v1: Returned: code: 3221226356  signal: null
13 info lifecycle api.global@0.0.1~start_v1: Failed to exec start_v1 script
14 verbose stack Error: api.global@0.0.1 start_v1: `nodemon app.js --port 1337`
14 verbose stack Exit status 3221226356
14 verbose stack     at EventEmitter.<anonymous> (D:\INSTALL_PROGRAM\Nodejs\node_modules\npm\lib\utils\lifecycle.js:242:16)
14 verbose stack     at emitTwo (events.js:106:13)
14 verbose stack     at EventEmitter.emit (events.js:191:7)
14 verbose stack     at ChildProcess.<anonymous> (D:\INSTALL_PROGRAM\Nodejs\node_modules\npm\lib\utils\spawn.js:40:14)
14 verbose stack     at emitTwo (events.js:106:13)
14 verbose stack     at ChildProcess.emit (events.js:191:7)
14 verbose stack     at maybeClose (internal/child_process.js:852:16)
14 verbose stack     at Process.ChildProcess._handle.onexit (internal/child_process.js:215:5)
15 verbose pkgid api.global@0.0.1
16 verbose cwd D:\INSTALL_PROGRAM\wamp64\www\FTP\PP\graph.addgold.net
17 error Windows_NT 6.1.7601
18 error argv "D:\\INSTALL_PROGRAM\\Nodejs\\node.exe" "D:\\INSTALL_PROGRAM\\Nodejs\\node_modules\\npm\\bin\\npm-cli.js" "run" "start_v1" "--scripts-prepend-node-path"
19 error node v6.4.0
20 error npm  v3.10.3
21 error code ELIFECYCLE
22 error api.global@0.0.1 start_v1: `nodemon app.js --port 1337`
22 error Exit status 3221226356
23 error Failed at the api.global@0.0.1 start_v1 script 'nodemon app.js --port 1337'.
23 error Make sure you have the latest version of node.js and npm installed.
23 error If you do, this is most likely a problem with the api.global package,
23 error not with npm itself.
23 error Tell the author that this fails on your system:
23 error     nodemon app.js --port 1337
23 error You can get information on how to open an issue for this project with:
23 error     npm bugs api.global
23 error Or if that isn't available, you can get their info via:
23 error     npm owner ls api.global
23 error There is likely additional logging output above.
24 verbose exit [ 1, true ]
